<?xml version="1.0" encoding="UTF-8" ?>
<testsuite tests="14" failures="0" name="cz.muni.fi.pv168.bandsproject.BandManagerImplTest" time="1.107" errors="1" skipped="0">
  <properties>
[...]
</properties>
  <testcase classname="cz.muni.fi.pv168.bandsproject.BandManagerImplTest" name="testUpdateBand" time="0.683"/>
  <testcase classname="cz.muni.fi.pv168.bandsproject.BandManagerImplTest" name="testFindBandById" time="0.089"/>
  <testcase classname="cz.muni.fi.pv168.bandsproject.BandManagerImplTest" name="testFindBandByName" time="0.014"/>
  <testcase classname="cz.muni.fi.pv168.bandsproject.BandManagerImplTest" name="testFindBandByRate" time="0.014"/>
  <testcase classname="cz.muni.fi.pv168.bandsproject.BandManagerImplTest" name="testFindBandByIdWithWrongArguments" time="0.014"/>
  <testcase classname="cz.muni.fi.pv168.bandsproject.BandManagerImplTest" name="testCreateBandWithNull" time="0.013"/>
  <testcase classname="cz.muni.fi.pv168.bandsproject.BandManagerImplTest" name="testFindBandbyPriceRange" time="0.012"/>
  <testcase classname="cz.muni.fi.pv168.bandsproject.BandManagerImplTest" name="testDeleteBandWithWrongArgument" time="0.012"/>
  <testcase classname="cz.muni.fi.pv168.bandsproject.BandManagerImplTest" name="testCreateBand" time="0.041">
    <error message="Error when inserting band cz.muni.fi.pv168.bandsproject.Band@2438dcd" type="cz.muni.fi.pv168.bandsproject.ServiceFailureException">cz.muni.fi.pv168.bandsproject.ServiceFailureException: Error when inserting band cz.muni.fi.pv168.bandsproject.Band@2438dcd
	at cz.muni.fi.pv168.bandsproject.BandManagerImpl.createBand(BandManagerImpl.java:47)
	at cz.muni.fi.pv168.bandsproject.BandManagerImplTest.testCreateBand(BandManagerImplTest.java:86)
	at sun.reflect.NativeMethodAccessorImpl.invoke0(Native Method)
	at sun.reflect.NativeMethodAccessorImpl.invoke(NativeMethodAccessorImpl.java:62)
	at sun.reflect.DelegatingMethodAccessorImpl.invoke(DelegatingMethodAccessorImpl.java:43)
	at java.lang.reflect.Method.invoke(Method.java:497)
	at org.junit.runners.model.FrameworkMethod$1.runReflectiveCall(FrameworkMethod.java:50)
	at org.junit.internal.runners.model.ReflectiveCallable.run(ReflectiveCallable.java:12)
	at org.junit.runners.model.FrameworkMethod.invokeExplosively(FrameworkMethod.java:47)
	at org.junit.internal.runners.statements.InvokeMethod.evaluate(InvokeMethod.java:17)
	at org.junit.internal.runners.statements.RunBefores.evaluate(RunBefores.java:26)
	at org.junit.internal.runners.statements.RunAfters.evaluate(RunAfters.java:27)
	at org.junit.rules.ExpectedException$ExpectedExceptionStatement.evaluate(ExpectedException.java:239)
	at org.junit.rules.RunRules.evaluate(RunRules.java:20)
	at org.junit.runners.ParentRunner.runLeaf(ParentRunner.java:325)
	at org.junit.runners.BlockJUnit4ClassRunner.runChild(BlockJUnit4ClassRunner.java:78)
	at org.junit.runners.BlockJUnit4ClassRunner.runChild(BlockJUnit4ClassRunner.java:57)
	at org.junit.runners.ParentRunner$3.run(ParentRunner.java:290)
	at org.junit.runners.ParentRunner$1.schedule(ParentRunner.java:71)
	at org.junit.runners.ParentRunner.runChildren(ParentRunner.java:288)
	at org.junit.runners.ParentRunner.access$000(ParentRunner.java:58)
	at org.junit.runners.ParentRunner$2.evaluate(ParentRunner.java:268)
	at org.junit.runners.ParentRunner.run(ParentRunner.java:363)
	at org.apache.maven.surefire.junit4.JUnit4TestSet.execute(JUnit4TestSet.java:53)
	at org.apache.maven.surefire.junit4.JUnit4Provider.executeTestSet(JUnit4Provider.java:123)
	at org.apache.maven.surefire.junit4.JUnit4Provider.invoke(JUnit4Provider.java:104)
	at sun.reflect.NativeMethodAccessorImpl.invoke0(Native Method)
	at sun.reflect.NativeMethodAccessorImpl.invoke(NativeMethodAccessorImpl.java:62)
	at sun.reflect.DelegatingMethodAccessorImpl.invoke(DelegatingMethodAccessorImpl.java:43)
	at java.lang.reflect.Method.invoke(Method.java:497)
	at org.apache.maven.surefire.util.ReflectionUtils.invokeMethodWithArray(ReflectionUtils.java:164)
	at org.apache.maven.surefire.booter.ProviderFactory$ProviderProxy.invoke(ProviderFactory.java:110)
	at org.apache.maven.surefire.booter.SurefireStarter.invokeProvider(SurefireStarter.java:175)
	at org.apache.maven.surefire.booter.SurefireStarter.runSuitesInProcessWhenForked(SurefireStarter.java:107)
	at org.apache.maven.surefire.booter.ForkedBooter.main(ForkedBooter.java:68)
Caused by: java.sql.SQLDataException: A truncation error was encountered trying to shrink VARCHAR &apos;Some DiscoHipHopDnbBand&apos; to length 20.
	at org.apache.derby.impl.jdbc.SQLExceptionFactory.getSQLException(Unknown Source)
	at org.apache.derby.impl.jdbc.Util.generateCsSQLException(Unknown Source)
	at org.apache.derby.impl.jdbc.TransactionResourceImpl.wrapInSQLException(Unknown Source)
	at org.apache.derby.impl.jdbc.TransactionResourceImpl.handleException(Unknown Source)
	at org.apache.derby.impl.jdbc.EmbedConnection.handleException(Unknown Source)
	at org.apache.derby.impl.jdbc.ConnectionChild.handleException(Unknown Source)
	at org.apache.derby.impl.jdbc.EmbedStatement.executeStatement(Unknown Source)
	at org.apache.derby.impl.jdbc.EmbedPreparedStatement.executeStatement(Unknown Source)
	at org.apache.derby.impl.jdbc.EmbedPreparedStatement.executeLargeUpdate(Unknown Source)
	at org.apache.derby.impl.jdbc.EmbedPreparedStatement.executeUpdate(Unknown Source)
	at cz.muni.fi.pv168.bandsproject.BandManagerImpl.createBand(BandManagerImpl.java:38)
	... 34 more
Caused by: ERROR 22001: A truncation error was encountered trying to shrink VARCHAR &apos;Some DiscoHipHopDnbBand&apos; to length 20.
	at org.apache.derby.iapi.error.StandardException.newException(Unknown Source)
	at org.apache.derby.iapi.error.StandardException.newException(Unknown Source)
	at org.apache.derby.iapi.types.SQLChar.hasNonBlankChars(Unknown Source)
	at org.apache.derby.iapi.types.SQLVarchar.normalize(Unknown Source)
	at org.apache.derby.iapi.types.SQLVarchar.normalize(Unknown Source)
	at org.apache.derby.iapi.types.DataTypeDescriptor.normalize(Unknown Source)
	at org.apache.derby.impl.sql.execute.NormalizeResultSet.normalizeColumn(Unknown Source)
	at org.apache.derby.impl.sql.execute.NormalizeResultSet.normalizeRow(Unknown Source)
	at org.apache.derby.impl.sql.execute.NormalizeResultSet.getNextRowCore(Unknown Source)
	at org.apache.derby.impl.sql.execute.DMLWriteResultSet.getNextRowCore(Unknown Source)
	at org.apache.derby.impl.sql.execute.InsertResultSet.getNextRowCore(Unknown Source)
	at org.apache.derby.impl.sql.execute.InsertResultSet.open(Unknown Source)
	at org.apache.derby.impl.sql.GenericPreparedStatement.executeStmt(Unknown Source)
	at org.apache.derby.impl.sql.GenericPreparedStatement.execute(Unknown Source)
	... 39 more
</error>
  </testcase>
  <testcase classname="cz.muni.fi.pv168.bandsproject.BandManagerImplTest" name="testDeleteBand" time="0.031"/>
  <testcase classname="cz.muni.fi.pv168.bandsproject.BandManagerImplTest" name="testCreateBandWithWrongArguments" time="0.01"/>
  <testcase classname="cz.muni.fi.pv168.bandsproject.BandManagerImplTest" name="testFindBandByRegion" time="0.011"/>
  <testcase classname="cz.muni.fi.pv168.bandsproject.BandManagerImplTest" name="testDeleteBandWithNull" time="0.011"/>
  <testcase classname="cz.muni.fi.pv168.bandsproject.BandManagerImplTest" name="testFindBandByStyles" time="0.01"/>
</testsuite>